<?xml version="1.0" encoding="UTF-8"?>
<!-- Generated by org.testng.reporters.JUnitReportReporter -->
<testsuite hostname="DESKTOP-I437AAF" failures="0" tests="1" name="com.qa.testscripts.TC_DeleteEmpRecord_001" time="13.756" errors="0" timestamp="2021-09-21T11:28:29 IST" skipped="0">
  <testcase classname="com.qa.testscripts.TC_DeleteEmpRecord_001" name="DeleteEmpRecord" time="13.756"/>
  <system-out/>
</testsuite> <!-- com.qa.testscripts.TC_DeleteEmpRecord_001 -->
