<?xml version="1.0" encoding="UTF-8"?>
<!-- Generated by org.testng.reporters.JUnitReportReporter -->
<testsuite hostname="DESKTOP-I437AAF" failures="0" tests="3" name="com.qa.testscripts.TC_OrangeHRM_001" time="55.029" errors="0" timestamp="2021-09-15T11:32:32 IST" skipped="0">
  <testcase classname="com.qa.testscripts.TC_OrangeHRM_001" name="login" time="11.724"/>
  <system-out/>
  <testcase classname="com.qa.testscripts.TC_OrangeHRM_001" name="addEmployee" time="27.044"/>
  <system-out/>
  <testcase classname="com.qa.testscripts.TC_OrangeHRM_001" name="getEmployeeRecord" time="16.261"/>
  <system-out/>
</testsuite> <!-- com.qa.testscripts.TC_OrangeHRM_001 -->
