<?xml version="1.0" encoding="UTF-8"?>
<!-- Generated by org.testng.reporters.JUnitReportReporter -->
<testsuite hostname="DESKTOP-I437AAF" failures="0" tests="1" name="com.qa.testscripts.TC_AddMyInfo_001" time="28.913" errors="0" timestamp="2021-09-21T11:28:29 IST" skipped="0">
  <testcase classname="com.qa.testscripts.TC_AddMyInfo_001" name="AddMyInformation" time="28.913"/>
  <system-out>
    <![CDATA[Employee details are saved successfully and personal information page is displayed]]>
  </system-out>
</testsuite> <!-- com.qa.testscripts.TC_AddMyInfo_001 -->
